<?xml version="1.0" encoding="UTF-8"?>
<testsuite xmlns:xsi="http://www.w3.org/2001/XMLSchema-instance" xsi:noNamespaceSchemaLocation="https://maven.apache.org/surefire/maven-surefire-plugin/xsd/surefire-test-report-3.0.xsd" version="3.0" name="TestSuite" time="62.716" tests="1" errors="0" skipped="0" failures="0">
  <properties>
    <property name="java.specification.version" value="16"/>
    <property name="webdriver.chrome.driver" value="src\test\resources\chromedriver.exe"/>
    <property name="sun.cpu.isalist" value="amd64"/>
    <property name="sun.jnu.encoding" value="Cp1252"/>
    <property name="java.class.path" value="E:\sdevi\Downloads\Mstr_Framework\Mstr_Framework\target\test-classes;E:\sdevi\Downloads\Mstr_Framework\Mstr_Framework\target\classes;E:\sdevi\.m2\repository\org\seleniumhq\selenium\selenium-java\4.0.0-alpha-1\selenium-java-4.0.0-alpha-1.jar;E:\sdevi\.m2\repository\org\seleniumhq\selenium\selenium-chrome-driver\4.0.0-alpha-1\selenium-chrome-driver-4.0.0-alpha-1.jar;E:\sdevi\.m2\repository\org\seleniumhq\selenium\selenium-remote-driver\4.0.0-alpha-1\selenium-remote-driver-4.0.0-alpha-1.jar;E:\sdevi\.m2\repository\org\seleniumhq\selenium\selenium-api\4.0.0-alpha-1\selenium-api-4.0.0-alpha-1.jar;E:\sdevi\.m2\repository\net\bytebuddy\byte-buddy\1.9.12\byte-buddy-1.9.12.jar;E:\sdevi\.m2\repository\org\apache\commons\commons-exec\1.3\commons-exec-1.3.jar;E:\sdevi\.m2\repository\com\squareup\okhttp3\okhttp\3.14.0\okhttp-3.14.0.jar;E:\sdevi\.m2\repository\com\squareup\okio\okio\1.17.2\okio-1.17.2.jar;E:\sdevi\.m2\repository\org\seleniumhq\selenium\selenium-edge-driver\4.0.0-alpha-1\selenium-edge-driver-4.0.0-alpha-1.jar;E:\sdevi\.m2\repository\org\seleniumhq\selenium\selenium-firefox-xpi-driver\4.0.0-alpha-1\selenium-firefox-xpi-driver-4.0.0-alpha-1.jar;E:\sdevi\.m2\repository\org\seleniumhq\selenium\selenium-firefox-driver\4.0.0-alpha-1\selenium-firefox-driver-4.0.0-alpha-1.jar;E:\sdevi\.m2\repository\org\seleniumhq\selenium\selenium-ie-driver\4.0.0-alpha-1\selenium-ie-driver-4.0.0-alpha-1.jar;E:\sdevi\.m2\repository\org\seleniumhq\selenium\selenium-opera-driver\4.0.0-alpha-1\selenium-opera-driver-4.0.0-alpha-1.jar;E:\sdevi\.m2\repository\org\seleniumhq\selenium\selenium-safari-driver\4.0.0-alpha-1\selenium-safari-driver-4.0.0-alpha-1.jar;E:\sdevi\.m2\repository\org\seleniumhq\selenium\selenium-support\4.0.0-alpha-1\selenium-support-4.0.0-alpha-1.jar;E:\sdevi\.m2\repository\org\testng\testng\7.3.0\testng-7.3.0.jar;E:\sdevi\.m2\repository\com\beust\jcommander\1.78\jcommander-1.78.jar;E:\sdevi\.m2\repository\org\apache\ant\ant\1.10.3\ant-1.10.3.jar;E:\sdevi\.m2\repository\org\apache\ant\ant-launcher\1.10.3\ant-launcher-1.10.3.jar;E:\sdevi\.m2\repository\junit\junit\4.12\junit-4.12.jar;E:\sdevi\.m2\repository\org\hamcrest\hamcrest-core\1.3\hamcrest-core-1.3.jar;E:\sdevi\.m2\repository\com\google\inject\guice\4.2.2\guice-4.2.2-no_aop.jar;E:\sdevi\.m2\repository\javax\inject\javax.inject\1\javax.inject-1.jar;E:\sdevi\.m2\repository\aopalliance\aopalliance\1.0\aopalliance-1.0.jar;E:\sdevi\.m2\repository\org\yaml\snakeyaml\1.21\snakeyaml-1.21.jar;E:\sdevi\.m2\repository\com\google\guava\guava\27.1-jre\guava-27.1-jre.jar;E:\sdevi\.m2\repository\com\google\guava\failureaccess\1.0.1\failureaccess-1.0.1.jar;E:\sdevi\.m2\repository\com\google\guava\listenablefuture\9999.0-empty-to-avoid-conflict-with-guava\listenablefuture-9999.0-empty-to-avoid-conflict-with-guava.jar;E:\sdevi\.m2\repository\com\google\code\findbugs\jsr305\3.0.2\jsr305-3.0.2.jar;E:\sdevi\.m2\repository\org\checkerframework\checker-qual\2.5.2\checker-qual-2.5.2.jar;E:\sdevi\.m2\repository\com\google\errorprone\error_prone_annotations\2.2.0\error_prone_annotations-2.2.0.jar;E:\sdevi\.m2\repository\com\google\j2objc\j2objc-annotations\1.1\j2objc-annotations-1.1.jar;E:\sdevi\.m2\repository\org\codehaus\mojo\animal-sniffer-annotations\1.17\animal-sniffer-annotations-1.17.jar;E:\sdevi\.m2\repository\commons-io\commons-io\2.8.0\commons-io-2.8.0.jar;E:\sdevi\.m2\repository\com\aventstack\extentreports\3.1.3\extentreports-3.1.3.jar;E:\sdevi\.m2\repository\org\freemarker\freemarker\2.3.23\freemarker-2.3.23.jar;E:\sdevi\.m2\repository\org\mongodb\mongodb-driver\3.3.0\mongodb-driver-3.3.0.jar;E:\sdevi\.m2\repository\org\mongodb\bson\3.3.0\bson-3.3.0.jar;E:\sdevi\.m2\repository\org\mongodb\mongodb-driver-core\3.3.0\mongodb-driver-core-3.3.0.jar;E:\sdevi\.m2\repository\org\apache\httpcomponents\httpclient\4.5.2\httpclient-4.5.2.jar;E:\sdevi\.m2\repository\org\apache\httpcomponents\httpcore\4.4.4\httpcore-4.4.4.jar;E:\sdevi\.m2\repository\commons-logging\commons-logging\1.2\commons-logging-1.2.jar;E:\sdevi\.m2\repository\org\apache\httpcomponents\httpmime\4.5.2\httpmime-4.5.2.jar;E:\sdevi\.m2\repository\org\jsoup\jsoup\1.9.2\jsoup-1.9.2.jar;E:\sdevi\.m2\repository\com\google\code\gson\gson\2.8.0\gson-2.8.0.jar;E:\sdevi\.m2\repository\org\apache\poi\poi\4.1.2\poi-4.1.2.jar;E:\sdevi\.m2\repository\commons-codec\commons-codec\1.13\commons-codec-1.13.jar;E:\sdevi\.m2\repository\org\apache\commons\commons-collections4\4.4\commons-collections4-4.4.jar;E:\sdevi\.m2\repository\org\apache\commons\commons-math3\3.6.1\commons-math3-3.6.1.jar;E:\sdevi\.m2\repository\com\zaxxer\SparseBitSet\1.2\SparseBitSet-1.2.jar;E:\sdevi\.m2\repository\org\apache\poi\poi-ooxml\4.1.2\poi-ooxml-4.1.2.jar;E:\sdevi\.m2\repository\org\apache\poi\poi-ooxml-schemas\4.1.2\poi-ooxml-schemas-4.1.2.jar;E:\sdevi\.m2\repository\org\apache\commons\commons-compress\1.19\commons-compress-1.19.jar;E:\sdevi\.m2\repository\com\github\virtuald\curvesapi\1.06\curvesapi-1.06.jar;E:\sdevi\.m2\repository\org\apache\xmlbeans\xmlbeans\3.1.0\xmlbeans-3.1.0.jar;E:\sdevi\.m2\repository\io\cucumber\cucumber-java\6.0.0-RC2\cucumber-java-6.0.0-RC2.jar;E:\sdevi\.m2\repository\io\cucumber\cucumber-core\6.0.0-RC2\cucumber-core-6.0.0-RC2.jar;E:\sdevi\.m2\repository\io\cucumber\cucumber-gherkin\6.0.0-RC2\cucumber-gherkin-6.0.0-RC2.jar;E:\sdevi\.m2\repository\io\cucumber\cucumber-gherkin-messages\6.0.0-RC2\cucumber-gherkin-messages-6.0.0-RC2.jar;E:\sdevi\.m2\repository\io\cucumber\messages\12.1.1\messages-12.1.1.jar;E:\sdevi\.m2\repository\io\cucumber\tag-expressions\2.0.4\tag-expressions-2.0.4.jar;E:\sdevi\.m2\repository\io\cucumber\cucumber-expressions\10.1.0\cucumber-expressions-10.1.0.jar;E:\sdevi\.m2\repository\io\cucumber\datatable\3.3.1\datatable-3.3.1.jar;E:\sdevi\.m2\repository\io\cucumber\cucumber-plugin\6.0.0-RC2\cucumber-plugin-6.0.0-RC2.jar;E:\sdevi\.m2\repository\io\cucumber\docstring\6.0.0-RC2\docstring-6.0.0-RC2.jar;E:\sdevi\.m2\repository\io\cucumber\html-formatter\6.0.2\html-formatter-6.0.2.jar;E:\sdevi\.m2\repository\org\apiguardian\apiguardian-api\1.1.0\apiguardian-api-1.1.0.jar;E:\sdevi\.m2\repository\io\cucumber\cucumber-testng\6.0.0-RC2\cucumber-testng-6.0.0-RC2.jar;"/>
    <property name="java.vm.vendor" value="Oracle Corporation"/>
    <property name="sun.arch.data.model" value="64"/>
    <property name="user.variant" value=""/>
    <property name="java.vendor.url" value="https://java.oracle.com/"/>
    <property name="user.timezone" value="Asia/Calcutta"/>
    <property name="os.name" value="Windows 10"/>
    <property name="java.vm.specification.version" value="16"/>
    <property name="sun.java.launcher" value="SUN_STANDARD"/>
    <property name="user.country" value="US"/>
    <property name="sun.boot.library.path" value="C:\Program Files\Java\jdk-16\bin"/>
    <property name="sun.java.command" value="E:\sdevi\AppData\Local\Temp\surefire9263319435497419749\surefirebooter10877322403256818050.jar E:\sdevi\AppData\Local\Temp\surefire9263319435497419749 2021-08-03T19-28-56_567-jvmRun1 surefire9590865880521982665tmp surefire_09502885332563859049tmp"/>
    <property name="jdk.debug" value="release"/>
    <property name="surefire.test.class.path" value="E:\sdevi\Downloads\Mstr_Framework\Mstr_Framework\target\test-classes;E:\sdevi\Downloads\Mstr_Framework\Mstr_Framework\target\classes;E:\sdevi\.m2\repository\org\seleniumhq\selenium\selenium-java\4.0.0-alpha-1\selenium-java-4.0.0-alpha-1.jar;E:\sdevi\.m2\repository\org\seleniumhq\selenium\selenium-chrome-driver\4.0.0-alpha-1\selenium-chrome-driver-4.0.0-alpha-1.jar;E:\sdevi\.m2\repository\org\seleniumhq\selenium\selenium-remote-driver\4.0.0-alpha-1\selenium-remote-driver-4.0.0-alpha-1.jar;E:\sdevi\.m2\repository\org\seleniumhq\selenium\selenium-api\4.0.0-alpha-1\selenium-api-4.0.0-alpha-1.jar;E:\sdevi\.m2\repository\net\bytebuddy\byte-buddy\1.9.12\byte-buddy-1.9.12.jar;E:\sdevi\.m2\repository\org\apache\commons\commons-exec\1.3\commons-exec-1.3.jar;E:\sdevi\.m2\repository\com\squareup\okhttp3\okhttp\3.14.0\okhttp-3.14.0.jar;E:\sdevi\.m2\repository\com\squareup\okio\okio\1.17.2\okio-1.17.2.jar;E:\sdevi\.m2\repository\org\seleniumhq\selenium\selenium-edge-driver\4.0.0-alpha-1\selenium-edge-driver-4.0.0-alpha-1.jar;E:\sdevi\.m2\repository\org\seleniumhq\selenium\selenium-firefox-xpi-driver\4.0.0-alpha-1\selenium-firefox-xpi-driver-4.0.0-alpha-1.jar;E:\sdevi\.m2\repository\org\seleniumhq\selenium\selenium-firefox-driver\4.0.0-alpha-1\selenium-firefox-driver-4.0.0-alpha-1.jar;E:\sdevi\.m2\repository\org\seleniumhq\selenium\selenium-ie-driver\4.0.0-alpha-1\selenium-ie-driver-4.0.0-alpha-1.jar;E:\sdevi\.m2\repository\org\seleniumhq\selenium\selenium-opera-driver\4.0.0-alpha-1\selenium-opera-driver-4.0.0-alpha-1.jar;E:\sdevi\.m2\repository\org\seleniumhq\selenium\selenium-safari-driver\4.0.0-alpha-1\selenium-safari-driver-4.0.0-alpha-1.jar;E:\sdevi\.m2\repository\org\seleniumhq\selenium\selenium-support\4.0.0-alpha-1\selenium-support-4.0.0-alpha-1.jar;E:\sdevi\.m2\repository\org\testng\testng\7.3.0\testng-7.3.0.jar;E:\sdevi\.m2\repository\com\beust\jcommander\1.78\jcommander-1.78.jar;E:\sdevi\.m2\repository\org\apache\ant\ant\1.10.3\ant-1.10.3.jar;E:\sdevi\.m2\repository\org\apache\ant\ant-launcher\1.10.3\ant-launcher-1.10.3.jar;E:\sdevi\.m2\repository\junit\junit\4.12\junit-4.12.jar;E:\sdevi\.m2\repository\org\hamcrest\hamcrest-core\1.3\hamcrest-core-1.3.jar;E:\sdevi\.m2\repository\com\google\inject\guice\4.2.2\guice-4.2.2-no_aop.jar;E:\sdevi\.m2\repository\javax\inject\javax.inject\1\javax.inject-1.jar;E:\sdevi\.m2\repository\aopalliance\aopalliance\1.0\aopalliance-1.0.jar;E:\sdevi\.m2\repository\org\yaml\snakeyaml\1.21\snakeyaml-1.21.jar;E:\sdevi\.m2\repository\com\google\guava\guava\27.1-jre\guava-27.1-jre.jar;E:\sdevi\.m2\repository\com\google\guava\failureaccess\1.0.1\failureaccess-1.0.1.jar;E:\sdevi\.m2\repository\com\google\guava\listenablefuture\9999.0-empty-to-avoid-conflict-with-guava\listenablefuture-9999.0-empty-to-avoid-conflict-with-guava.jar;E:\sdevi\.m2\repository\com\google\code\findbugs\jsr305\3.0.2\jsr305-3.0.2.jar;E:\sdevi\.m2\repository\org\checkerframework\checker-qual\2.5.2\checker-qual-2.5.2.jar;E:\sdevi\.m2\repository\com\google\errorprone\error_prone_annotations\2.2.0\error_prone_annotations-2.2.0.jar;E:\sdevi\.m2\repository\com\google\j2objc\j2objc-annotations\1.1\j2objc-annotations-1.1.jar;E:\sdevi\.m2\repository\org\codehaus\mojo\animal-sniffer-annotations\1.17\animal-sniffer-annotations-1.17.jar;E:\sdevi\.m2\repository\commons-io\commons-io\2.8.0\commons-io-2.8.0.jar;E:\sdevi\.m2\repository\com\aventstack\extentreports\3.1.3\extentreports-3.1.3.jar;E:\sdevi\.m2\repository\org\freemarker\freemarker\2.3.23\freemarker-2.3.23.jar;E:\sdevi\.m2\repository\org\mongodb\mongodb-driver\3.3.0\mongodb-driver-3.3.0.jar;E:\sdevi\.m2\repository\org\mongodb\bson\3.3.0\bson-3.3.0.jar;E:\sdevi\.m2\repository\org\mongodb\mongodb-driver-core\3.3.0\mongodb-driver-core-3.3.0.jar;E:\sdevi\.m2\repository\org\apache\httpcomponents\httpclient\4.5.2\httpclient-4.5.2.jar;E:\sdevi\.m2\repository\org\apache\httpcomponents\httpcore\4.4.4\httpcore-4.4.4.jar;E:\sdevi\.m2\repository\commons-logging\commons-logging\1.2\commons-logging-1.2.jar;E:\sdevi\.m2\repository\org\apache\httpcomponents\httpmime\4.5.2\httpmime-4.5.2.jar;E:\sdevi\.m2\repository\org\jsoup\jsoup\1.9.2\jsoup-1.9.2.jar;E:\sdevi\.m2\repository\com\google\code\gson\gson\2.8.0\gson-2.8.0.jar;E:\sdevi\.m2\repository\org\apache\poi\poi\4.1.2\poi-4.1.2.jar;E:\sdevi\.m2\repository\commons-codec\commons-codec\1.13\commons-codec-1.13.jar;E:\sdevi\.m2\repository\org\apache\commons\commons-collections4\4.4\commons-collections4-4.4.jar;E:\sdevi\.m2\repository\org\apache\commons\commons-math3\3.6.1\commons-math3-3.6.1.jar;E:\sdevi\.m2\repository\com\zaxxer\SparseBitSet\1.2\SparseBitSet-1.2.jar;E:\sdevi\.m2\repository\org\apache\poi\poi-ooxml\4.1.2\poi-ooxml-4.1.2.jar;E:\sdevi\.m2\repository\org\apache\poi\poi-ooxml-schemas\4.1.2\poi-ooxml-schemas-4.1.2.jar;E:\sdevi\.m2\repository\org\apache\commons\commons-compress\1.19\commons-compress-1.19.jar;E:\sdevi\.m2\repository\com\github\virtuald\curvesapi\1.06\curvesapi-1.06.jar;E:\sdevi\.m2\repository\org\apache\xmlbeans\xmlbeans\3.1.0\xmlbeans-3.1.0.jar;E:\sdevi\.m2\repository\io\cucumber\cucumber-java\6.0.0-RC2\cucumber-java-6.0.0-RC2.jar;E:\sdevi\.m2\repository\io\cucumber\cucumber-core\6.0.0-RC2\cucumber-core-6.0.0-RC2.jar;E:\sdevi\.m2\repository\io\cucumber\cucumber-gherkin\6.0.0-RC2\cucumber-gherkin-6.0.0-RC2.jar;E:\sdevi\.m2\repository\io\cucumber\cucumber-gherkin-messages\6.0.0-RC2\cucumber-gherkin-messages-6.0.0-RC2.jar;E:\sdevi\.m2\repository\io\cucumber\messages\12.1.1\messages-12.1.1.jar;E:\sdevi\.m2\repository\io\cucumber\tag-expressions\2.0.4\tag-expressions-2.0.4.jar;E:\sdevi\.m2\repository\io\cucumber\cucumber-expressions\10.1.0\cucumber-expressions-10.1.0.jar;E:\sdevi\.m2\repository\io\cucumber\datatable\3.3.1\datatable-3.3.1.jar;E:\sdevi\.m2\repository\io\cucumber\cucumber-plugin\6.0.0-RC2\cucumber-plugin-6.0.0-RC2.jar;E:\sdevi\.m2\repository\io\cucumber\docstring\6.0.0-RC2\docstring-6.0.0-RC2.jar;E:\sdevi\.m2\repository\io\cucumber\html-formatter\6.0.2\html-formatter-6.0.2.jar;E:\sdevi\.m2\repository\org\apiguardian\apiguardian-api\1.1.0\apiguardian-api-1.1.0.jar;E:\sdevi\.m2\repository\io\cucumber\cucumber-testng\6.0.0-RC2\cucumber-testng-6.0.0-RC2.jar;"/>
    <property name="sun.cpu.endian" value="little"/>
    <property name="user.home" value="E:\sdevi"/>
    <property name="user.language" value="en"/>
    <property name="java.specification.vendor" value="Oracle Corporation"/>
    <property name="java.version.date" value="2021-03-16"/>
    <property name="java.home" value="C:\Program Files\Java\jdk-16"/>
    <property name="file.separator" value="\"/>
    <property name="basedir" value="E:\sdevi\Downloads\Mstr_Framework\Mstr_Framework"/>
    <property name="java.vm.compressedOopsMode" value="Zero based"/>
    <property name="line.separator" value="&#10;"/>
    <property name="java.vm.specification.vendor" value="Oracle Corporation"/>
    <property name="java.specification.name" value="Java Platform API Specification"/>
    <property name="surefire.real.class.path" value="E:\sdevi\AppData\Local\Temp\surefire9263319435497419749\surefirebooter10877322403256818050.jar"/>
    <property name="user.script" value=""/>
    <property name="sun.management.compiler" value="HotSpot 64-Bit Tiered Compilers"/>
    <property name="java.runtime.version" value="16+36-2231"/>
    <property name="user.name" value="sdevi"/>
    <property name="path.separator" value=";"/>
    <property name="os.version" value="10.0"/>
    <property name="java.runtime.name" value="Java(TM) SE Runtime Environment"/>
    <property name="file.encoding" value="Cp1252"/>
    <property name="java.vm.name" value="Java HotSpot(TM) 64-Bit Server VM"/>
    <property name="localRepository" value="E:\sdevi\.m2\repository"/>
    <property name="java.vendor.url.bug" value="https://bugreport.java.com/bugreport/"/>
    <property name="java.io.tmpdir" value="E:\sdevi\AppData\Local\Temp\"/>
    <property name="java.version" value="16"/>
    <property name="user.dir" value="E:\sdevi\Downloads\Mstr_Framework\Mstr_Framework"/>
    <property name="os.arch" value="amd64"/>
    <property name="java.vm.specification.name" value="Java Virtual Machine Specification"/>
    <property name="sun.os.patch.level" value=""/>
    <property name="java.library.path" value="C:\Program Files\Java\jdk-16\bin;C:\WINDOWS\Sun\Java\bin;C:\WINDOWS\system32;C:\WINDOWS;E:/sdevi/Downloads/eclipse-java-2021-06-R-win32-x86_64 (1)/eclipse//plugins/org.eclipse.justj.openjdk.hotspot.jre.full.win32.x86_64_16.0.1.v20210528-1205/jre/bin/server;E:/sdevi/Downloads/eclipse-java-2021-06-R-win32-x86_64 (1)/eclipse//plugins/org.eclipse.justj.openjdk.hotspot.jre.full.win32.x86_64_16.0.1.v20210528-1205/jre/bin;C:\Program Files\Common Files\Oracle\Java\javapath;C:\app\ora11g\product\11.2.0\client_1\bin;C:\ProgramData\Oracle\Java\javapath;C:\WINDOWS\system32;C:\WINDOWS;C:\WINDOWS\System32\Wbem;C:\WINDOWS\System32\WindowsPowerShell\v1.0\;C:\WINDOWS\System32\OpenSSH\;C:\Program Files\PuTTY\;C:\Program Files (x86)\Microsoft SQL Server\150\DTS\Binn\;C:\Program Files\Java\jdk-16\bin;C:\Program Files\Git\cmd;E:\sdevi\Downloads\apache-maven-3.8.1-bin\apache-maven-3.8.1\bin;E:\sdevi\AppData\Local\Microsoft\WindowsApps;;C:\Program Files\JetBrains\IntelliJ IDEA Community Edition 2021.1\bin;;E:\sdevi\Downloads\eclipse-java-2021-06-R-win32-x86_64 (1)\eclipse;;."/>
    <property name="java.vm.info" value="mixed mode, sharing"/>
    <property name="java.vendor" value="Oracle Corporation"/>
    <property name="java.vm.version" value="16+36-2231"/>
    <property name="sun.io.unicode.encoding" value="UnicodeLittle"/>
    <property name="java.class.version" value="60.0"/>
  </properties>
  <testcase name="executeTestcase[org.testng.TestRunner@34f7234e](1)" classname="driver.Driver" time="60.534">
    <system-out><![CDATA[Test results report directory already exists: E:\sdevi\Downloads\Mstr_Framework\Mstr_Framework\TestReport
]]></system-out>
    <system-err><![CDATA[Starting ChromeDriver 91.0.4472.19 (1bf021f248676a0b2ab3ee0561d83a59e424c23e-refs/branch-heads/4472@{#288}) on port 45503
Only local connections are allowed.
Please see https://chromedriver.chromium.org/security-considerations for suggestions on keeping ChromeDriver safe.
ChromeDriver was started successfully.
[1627999140.926][WARNING]: This version of ChromeDriver has not been tested with Chrome version 92.
Aug 03, 2021 7:29:00 PM org.openqa.selenium.remote.ProtocolHandshake createSession
INFO: Detected dialect: W3C
]]></system-err>
  </testcase>
</testsuite>