<?xml version="1.0" encoding="UTF-8"?>
<!-- Generated by org.testng.reporters.JUnitReportReporter -->
<testsuite hostname="Z3P4PUGAVS0054" failures="0" tests="1" name="driver.Driver" time="60.787" errors="0" timestamp="2021-08-03T19:30:00 IST" skipped="0">
  <testcase classname="driver.Driver" name="executeTestcase" time="60.787"/>
  <system-out/>
</testsuite> <!-- driver.Driver -->
